[  3%] Built target cubepilot.xml-v1.0
[  6%] Built target cubepilot.xml-v2.0
[  9%] Built target all.xml-v2.0
[ 12%] Built target all.xml-v1.0
[ 15%] Built target icarous.xml-v1.0
[ 18%] Built target csAirLink.xml-v1.0
[ 21%] Built target paparazzi.xml-v2.0
[ 25%] Built target ardupilotmega.xml-v1.0
[ 31%] Built target standard.xml-v1.0
[ 31%] Built target ASLUAV.xml-v1.0
[ 37%] Built target storm32.xml-v2.0
[ 37%] Built target icarous.xml-v2.0
[ 40%] Built target development.xml-v1.0
[ 43%] Built target loweheiser.xml-v1.0
[ 46%] Built target paparazzi.xml-v1.0
[ 50%] Built target storm32.xml-v1.0
[ 53%] Built target uAvionix.xml-v2.0
[ 56%] Built target ualberta.xml-v1.0
[ 59%] Built target ASLUAV.xml-v2.0
[ 62%] Built target ardupilotmega.xml-v2.0
[ 65%] Built target csAirLink.xml-v2.0
[ 68%] Built target development.xml-v2.0
[ 75%] Built target common.xml-v1.0
[ 75%] Built target uAvionix.xml-v1.0
[ 78%] Built target loweheiser.xml-v2.0
[ 84%] Built target matrixpilot.xml-v1.0
[ 84%] Built target standard.xml-v2.0
[ 90%] Built target AVSSUAS.xml-v1.0
[ 90%] Built target ualberta.xml-v2.0
[ 93%] Built target AVSSUAS.xml-v2.0
[ 96%] Built target matrixpilot.xml-v2.0
[100%] Built target common.xml-v2.0
