[  0%] Built target std_msgs_generate_messages_eus
[  0%] Built target std_msgs_generate_messages_lisp
[  0%] Built target std_msgs_generate_messages_cpp
[  0%] Built target std_msgs_generate_messages_py
[  0%] Built target std_msgs_generate_messages_nodejs
[  0%] Built target _beginner_tutorials_generate_messages_check_deps_Num
[  0%] Built target _beginner_tutorials_generate_messages_check_deps_AddTwoInts
[  9%] Built target beginner_tutorials_generate_messages_cpp
[ 19%] Built target beginner_tutorials_generate_messages_lisp
[ 42%] Built target beginner_tutorials_generate_messages_py
[ 47%] Built target beginner_tutorials_generate_messages_nodejs
[35m[1mScanning dependencies of target talker[0m
[ 47%] Built target beginner_tutorials_gencpp
[ 61%] Built target beginner_tutorials_generate_messages_eus
[35m[1mScanning dependencies of target listener[0m
[ 66%] [32mBuilding CXX object CMakeFiles/talker.dir/src/talker.cpp.o[0m
[35m[1mScanning dependencies of target add_two_ints_client[0m
[35m[1mScanning dependencies of target add_two_ints_server[0m
[ 71%] [32mBuilding CXX object CMakeFiles/add_two_ints_server.dir/src/add_two_ints_server.cpp.o[0m
[ 76%] [32mBuilding CXX object CMakeFiles/add_two_ints_client.dir/src/add_two_ints_client.cpp.o[0m
[ 80%] [32mBuilding CXX object CMakeFiles/listener.dir/src/listener.cpp.o[0m
[ 85%] [32m[1mLinking CXX executable /home/germanrv/catkin_ws/devel/.private/beginner_tutorials/lib/beginner_tutorials/add_two_ints_client[0m
[ 90%] [32m[1mLinking CXX executable /home/germanrv/catkin_ws/devel/.private/beginner_tutorials/lib/beginner_tutorials/add_two_ints_server[0m
[ 95%] [32m[1mLinking CXX executable /home/germanrv/catkin_ws/devel/.private/beginner_tutorials/lib/beginner_tutorials/listener[0m
[100%] [32m[1mLinking CXX executable /home/germanrv/catkin_ws/devel/.private/beginner_tutorials/lib/beginner_tutorials/talker[0m
[100%] Built target add_two_ints_client
[100%] Built target beginner_tutorials_generate_messages
[100%] Built target add_two_ints_server
[100%] Built target talker
[100%] Built target listener
