Performing C SOURCE FILE Test CMAKE_HAVE_LIBC_PTHREAD failed with the following output:
Change Dir: /home/germanrv/catkin_ws/build_isolated/darknet_ros_msgs/CMakeFiles/CMakeTmp

Run Build Command(s):/usr/bin/make cmTC_1b5b6/fast && /usr/bin/make -f CMakeFiles/cmTC_1b5b6.dir/build.make CMakeFiles/cmTC_1b5b6.dir/build
make[1]: se entra en el directorio '/home/germanrv/catkin_ws/build_isolated/darknet_ros_msgs/CMakeFiles/CMakeTmp'
Building C object CMakeFiles/cmTC_1b5b6.dir/src.c.o
/usr/lib/ccache/cc   -DCMAKE_HAVE_LIBC_PTHREAD   -o CMakeFiles/cmTC_1b5b6.dir/src.c.o   -c /home/germanrv/catkin_ws/build_isolated/darknet_ros_msgs/CMakeFiles/CMakeTmp/src.c
Linking C executable cmTC_1b5b6
/usr/bin/cmake -E cmake_link_script CMakeFiles/cmTC_1b5b6.dir/link.txt --verbose=1
/usr/lib/ccache/cc  -DCMAKE_HAVE_LIBC_PTHREAD    -rdynamic CMakeFiles/cmTC_1b5b6.dir/src.c.o  -o cmTC_1b5b6 
/usr/bin/ld: CMakeFiles/cmTC_1b5b6.dir/src.c.o: en la función `main':
src.c:(.text+0x46): referencia a `pthread_create' sin definir
/usr/bin/ld: src.c:(.text+0x52): referencia a `pthread_detach' sin definir
/usr/bin/ld: src.c:(.text+0x63): referencia a `pthread_join' sin definir
collect2: error: ld returned 1 exit status
make[1]: *** [CMakeFiles/cmTC_1b5b6.dir/build.make:87: cmTC_1b5b6] Error 1
make[1]: se sale del directorio '/home/germanrv/catkin_ws/build_isolated/darknet_ros_msgs/CMakeFiles/CMakeTmp'
make: *** [Makefile:121: cmTC_1b5b6/fast] Error 2


Source file was:
#include <pthread.h>

void* test_func(void* data)
{
  return data;
}

int main(void)
{
  pthread_t thread;
  pthread_create(&thread, NULL, test_func, NULL);
  pthread_detach(thread);
  pthread_join(thread, NULL);
  pthread_atfork(NULL, NULL, NULL);
  pthread_exit(NULL);

  return 0;
}

Determining if the function pthread_create exists in the pthreads failed with the following output:
Change Dir: /home/germanrv/catkin_ws/build_isolated/darknet_ros_msgs/CMakeFiles/CMakeTmp

Run Build Command(s):/usr/bin/make cmTC_7bfbb/fast && /usr/bin/make -f CMakeFiles/cmTC_7bfbb.dir/build.make CMakeFiles/cmTC_7bfbb.dir/build
make[1]: se entra en el directorio '/home/germanrv/catkin_ws/build_isolated/darknet_ros_msgs/CMakeFiles/CMakeTmp'
Building C object CMakeFiles/cmTC_7bfbb.dir/CheckFunctionExists.c.o
/usr/lib/ccache/cc   -DCHECK_FUNCTION_EXISTS=pthread_create   -o CMakeFiles/cmTC_7bfbb.dir/CheckFunctionExists.c.o   -c /usr/share/cmake-3.16/Modules/CheckFunctionExists.c
Linking C executable cmTC_7bfbb
/usr/bin/cmake -E cmake_link_script CMakeFiles/cmTC_7bfbb.dir/link.txt --verbose=1
/usr/lib/ccache/cc  -DCHECK_FUNCTION_EXISTS=pthread_create    -rdynamic CMakeFiles/cmTC_7bfbb.dir/CheckFunctionExists.c.o  -o cmTC_7bfbb  -lpthreads 
/usr/bin/ld: no se puede encontrar -lpthreads
collect2: error: ld returned 1 exit status
make[1]: *** [CMakeFiles/cmTC_7bfbb.dir/build.make:87: cmTC_7bfbb] Error 1
make[1]: se sale del directorio '/home/germanrv/catkin_ws/build_isolated/darknet_ros_msgs/CMakeFiles/CMakeTmp'
make: *** [Makefile:121: cmTC_7bfbb/fast] Error 2



