--2025-09-16 20:14:17--  http://pjreddie.com/media/files/yolov2-tiny.weights
Resolviendo pjreddie.com (pjreddie.com)... 172.67.185.199, 104.21.88.156, 2606:4700:3030::ac43:b9c7, ...
Conectando con pjreddie.com (pjreddie.com)[172.67.185.199]:80... conectado.
Petición HTTP enviada, esperando respuesta... 301 Moved Permanently
Ubicación: https://pjreddie.com/media/files/yolov2-tiny.weights [siguiente]
--2025-09-16 20:14:17--  https://pjreddie.com/media/files/yolov2-tiny.weights
Conectando con pjreddie.com (pjreddie.com)[172.67.185.199]:443... conectado.
Petición HTTP enviada, esperando respuesta... 200 OK
Longitud: no especificado [text/html]
Guardando como: “/home/germanrv/catkin_ws/src/darknet_ros/darknet_ros/yolo_network_config/weights/yolov2-tiny.weights”

     0K ........                                               1,00M=0,009s

2025-09-16 20:14:18 (1,00 MB/s) - “/home/germanrv/catkin_ws/src/darknet_ros/darknet_ros/yolo_network_config/weights/yolov2-tiny.weights” guardado [9093]

--2025-09-16 20:14:18--  http://pjreddie.com/media/files/yolov3.weights
Resolviendo pjreddie.com (pjreddie.com)... 104.21.88.156, 172.67.185.199, 2606:4700:3037::6815:589c, ...
Conectando con pjreddie.com (pjreddie.com)[104.21.88.156]:80... conectado.
Petición HTTP enviada, esperando respuesta... 301 Moved Permanently
Ubicación: https://pjreddie.com/media/files/yolov3.weights [siguiente]
--2025-09-16 20:14:18--  https://pjreddie.com/media/files/yolov3.weights
Conectando con pjreddie.com (pjreddie.com)[104.21.88.156]:443... conectado.
Petición HTTP enviada, esperando respuesta... 200 OK
Longitud: no especificado [text/html]
Guardando como: “/home/germanrv/catkin_ws/src/darknet_ros/darknet_ros/yolo_network_config/weights/yolov3.weights”

     0K ........                                                910K=0,01s

2025-09-16 20:14:18 (910 KB/s) - “/home/germanrv/catkin_ws/src/darknet_ros/darknet_ros/yolo_network_config/weights/yolov3.weights” guardado [9093]

--2025-09-16 20:14:18--  http://pjreddie.com/media/files/yolov2.weights
Resolviendo pjreddie.com (pjreddie.com)... 104.21.88.156, 172.67.185.199, 2606:4700:3037::6815:589c, ...
Conectando con pjreddie.com (pjreddie.com)[104.21.88.156]:80... conectado.
Petición HTTP enviada, esperando respuesta... 301 Moved Permanently
Ubicación: https://pjreddie.com/media/files/yolov2.weights [siguiente]
--2025-09-16 20:14:18--  https://pjreddie.com/media/files/yolov2.weights
Conectando con pjreddie.com (pjreddie.com)[104.21.88.156]:443... conectado.
Petición HTTP enviada, esperando respuesta... 200 OK
Longitud: no especificado [text/html]
Guardando como: “/home/germanrv/catkin_ws/src/darknet_ros/darknet_ros/yolo_network_config/weights/yolov2.weights”

     0K ........                                               2,23M=0,004s

2025-09-16 20:14:19 (2,23 MB/s) - “/home/germanrv/catkin_ws/src/darknet_ros/darknet_ros/yolo_network_config/weights/yolov2.weights” guardado [9093]

CMake Warning (dev) in /usr/src/googletest/googletest/CMakeLists.txt:
  Policy CMP0022 is not set: INTERFACE_LINK_LIBRARIES defines the link
  interface.  Run "cmake --help-policy CMP0022" for policy details.  Use the
  cmake_policy command to set the policy and suppress this warning.

  Target "gtest" has an INTERFACE_LINK_LIBRARIES property which differs from
  its LINK_INTERFACE_LIBRARIES properties.

  INTERFACE_LINK_LIBRARIES:

    /usr/lib/x86_64-linux-gnu/libSM.so;/usr/lib/x86_64-linux-gnu/libICE.so;/usr/lib/x86_64-linux-gnu/libX11.so;/usr/lib/x86_64-linux-gnu/libXext.so;Threads::Threads

  LINK_INTERFACE_LIBRARIES:

    Threads::Threads

This warning is for project developers.  Use -Wno-dev to suppress it.

CMake Warning (dev) in /usr/src/googletest/googlemock/CMakeLists.txt:
  Policy CMP0022 is not set: INTERFACE_LINK_LIBRARIES defines the link
  interface.  Run "cmake --help-policy CMP0022" for policy details.  Use the
  cmake_policy command to set the policy and suppress this warning.

  Target "gmock" has an INTERFACE_LINK_LIBRARIES property which differs from
  its LINK_INTERFACE_LIBRARIES properties.

  INTERFACE_LINK_LIBRARIES:

    /usr/lib/x86_64-linux-gnu/libSM.so;/usr/lib/x86_64-linux-gnu/libICE.so;/usr/lib/x86_64-linux-gnu/libX11.so;/usr/lib/x86_64-linux-gnu/libXext.so;Threads::Threads;gtest

  LINK_INTERFACE_LIBRARIES:

    Threads::Threads;gtest

This warning is for project developers.  Use -Wno-dev to suppress it.

