Performing C SOURCE FILE Test CMAKE_HAVE_LIBC_PTHREAD failed with the following output:
Change Dir: /home/germanrv/catkin_ws/build_isolated/darknet_ros/CMakeFiles/CMakeTmp

Run Build Command(s):/usr/bin/make cmTC_7cead/fast && /usr/bin/make -f CMakeFiles/cmTC_7cead.dir/build.make CMakeFiles/cmTC_7cead.dir/build
make[1]: se entra en el directorio '/home/germanrv/catkin_ws/build_isolated/darknet_ros/CMakeFiles/CMakeTmp'
Building C object CMakeFiles/cmTC_7cead.dir/src.c.o
/usr/bin/gcc-8   -fPIC -DCMAKE_HAVE_LIBC_PTHREAD   -o CMakeFiles/cmTC_7cead.dir/src.c.o   -c /home/germanrv/catkin_ws/build_isolated/darknet_ros/CMakeFiles/CMakeTmp/src.c
Linking C executable cmTC_7cead
/usr/bin/cmake -E cmake_link_script CMakeFiles/cmTC_7cead.dir/link.txt --verbose=1
/usr/bin/gcc-8 -fPIC -DCMAKE_HAVE_LIBC_PTHREAD    -rdynamic CMakeFiles/cmTC_7cead.dir/src.c.o  -o cmTC_7cead 
/usr/bin/ld: CMakeFiles/cmTC_7cead.dir/src.c.o: en la función `main':
src.c:(.text+0x46): referencia a `pthread_create' sin definir
/usr/bin/ld: src.c:(.text+0x52): referencia a `pthread_detach' sin definir
/usr/bin/ld: src.c:(.text+0x63): referencia a `pthread_join' sin definir
collect2: error: ld returned 1 exit status
make[1]: *** [CMakeFiles/cmTC_7cead.dir/build.make:87: cmTC_7cead] Error 1
make[1]: se sale del directorio '/home/germanrv/catkin_ws/build_isolated/darknet_ros/CMakeFiles/CMakeTmp'
make: *** [Makefile:121: cmTC_7cead/fast] Error 2


Source file was:
#include <pthread.h>

void* test_func(void* data)
{
  return data;
}

int main(void)
{
  pthread_t thread;
  pthread_create(&thread, NULL, test_func, NULL);
  pthread_detach(thread);
  pthread_join(thread, NULL);
  pthread_atfork(NULL, NULL, NULL);
  pthread_exit(NULL);

  return 0;
}

Determining if the function pthread_create exists in the pthreads failed with the following output:
Change Dir: /home/germanrv/catkin_ws/build_isolated/darknet_ros/CMakeFiles/CMakeTmp

Run Build Command(s):/usr/bin/make cmTC_7a015/fast && /usr/bin/make -f CMakeFiles/cmTC_7a015.dir/build.make CMakeFiles/cmTC_7a015.dir/build
make[1]: se entra en el directorio '/home/germanrv/catkin_ws/build_isolated/darknet_ros/CMakeFiles/CMakeTmp'
Building C object CMakeFiles/cmTC_7a015.dir/CheckFunctionExists.c.o
/usr/bin/gcc-8   -fPIC -DCHECK_FUNCTION_EXISTS=pthread_create   -o CMakeFiles/cmTC_7a015.dir/CheckFunctionExists.c.o   -c /usr/share/cmake-3.16/Modules/CheckFunctionExists.c
Linking C executable cmTC_7a015
/usr/bin/cmake -E cmake_link_script CMakeFiles/cmTC_7a015.dir/link.txt --verbose=1
/usr/bin/gcc-8 -fPIC -DCHECK_FUNCTION_EXISTS=pthread_create    -rdynamic CMakeFiles/cmTC_7a015.dir/CheckFunctionExists.c.o  -o cmTC_7a015  -lpthreads 
/usr/bin/ld: no se puede encontrar -lpthreads
collect2: error: ld returned 1 exit status
make[1]: *** [CMakeFiles/cmTC_7a015.dir/build.make:87: cmTC_7a015] Error 1
make[1]: se sale del directorio '/home/germanrv/catkin_ws/build_isolated/darknet_ros/CMakeFiles/CMakeTmp'
make: *** [Makefile:121: cmTC_7a015/fast] Error 2



